Analysis & Synthesis report for final_project
Mon Jan 14 23:54:55 2019
Quartus II 64-Bit Version 13.1.0 Build 162 10/23/2013 SJ Web Edition


---------------------
; Table of Contents ;
---------------------
  1. Legal Notice
  2. Analysis & Synthesis Summary
  3. Analysis & Synthesis Settings
  4. Parallel Compilation
  5. Analysis & Synthesis Source Files Read
  6. Analysis & Synthesis Resource Usage Summary
  7. Analysis & Synthesis Resource Utilization by Entity
  8. Registers Removed During Synthesis
  9. General Register Statistics
 10. Inverted Register Statistics
 11. Multiplexer Restructuring Statistics (Restructuring Performed)
 12. Parameter Settings for User Entity Instance: Top-level Entity: |final_project
 13. Elapsed Time Per Partition
 14. Analysis & Synthesis Messages
 15. Analysis & Synthesis Suppressed Messages



----------------
; Legal Notice ;
----------------
Copyright (C) 1991-2013 Altera Corporation
Your use of Altera Corporation's design tools, logic functions 
and other software and tools, and its AMPP partner logic 
functions, and any output files from any of the foregoing 
(including device programming or simulation files), and any 
associated documentation or information are expressly subject 
to the terms and conditions of the Altera Program License 
Subscription Agreement, Altera MegaCore Function License 
Agreement, or other applicable license agreement, including, 
without limitation, that your use is for the sole purpose of 
programming logic devices manufactured by Altera and sold by 
Altera or its authorized distributors.  Please refer to the 
applicable agreement for further details.



+---------------------------------------------------------------------------------+
; Analysis & Synthesis Summary                                                    ;
+------------------------------------+--------------------------------------------+
; Analysis & Synthesis Status        ; Successful - Mon Jan 14 23:54:55 2019      ;
; Quartus II 64-Bit Version          ; 13.1.0 Build 162 10/23/2013 SJ Web Edition ;
; Revision Name                      ; final_project                              ;
; Top-level Entity Name              ; final_project                              ;
; Family                             ; Cyclone III                                ;
; Total logic elements               ; 2,603                                      ;
;     Total combinational functions  ; 2,599                                      ;
;     Dedicated logic registers      ; 263                                        ;
; Total registers                    ; 263                                        ;
; Total pins                         ; 54                                         ;
; Total virtual pins                 ; 0                                          ;
; Total memory bits                  ; 0                                          ;
; Embedded Multiplier 9-bit elements ; 0                                          ;
; Total PLLs                         ; 0                                          ;
+------------------------------------+--------------------------------------------+


+----------------------------------------------------------------------------------------------------------------------+
; Analysis & Synthesis Settings                                                                                        ;
+----------------------------------------------------------------------------+--------------------+--------------------+
; Option                                                                     ; Setting            ; Default Value      ;
+----------------------------------------------------------------------------+--------------------+--------------------+
; Device                                                                     ; EP3C10E144C8       ;                    ;
; Top-level entity name                                                      ; final_project      ; final_project      ;
; Family name                                                                ; Cyclone III        ; Cyclone IV GX      ;
; Verilog Show LMF Mapping Messages                                          ; Off                ;                    ;
; Verilog Version                                                            ; SystemVerilog_2005 ; Verilog_2001       ;
; Use smart compilation                                                      ; Off                ; Off                ;
; Enable parallel Assembler and TimeQuest Timing Analyzer during compilation ; On                 ; On                 ;
; Enable compact report table                                                ; Off                ; Off                ;
; Restructure Multiplexers                                                   ; Auto               ; Auto               ;
; Create Debugging Nodes for IP Cores                                        ; Off                ; Off                ;
; Preserve fewer node names                                                  ; On                 ; On                 ;
; Disable OpenCore Plus hardware evaluation                                  ; Off                ; Off                ;
; VHDL Version                                                               ; VHDL_1993          ; VHDL_1993          ;
; State Machine Processing                                                   ; Auto               ; Auto               ;
; Safe State Machine                                                         ; Off                ; Off                ;
; Extract Verilog State Machines                                             ; On                 ; On                 ;
; Extract VHDL State Machines                                                ; On                 ; On                 ;
; Ignore Verilog initial constructs                                          ; Off                ; Off                ;
; Iteration limit for constant Verilog loops                                 ; 5000               ; 5000               ;
; Iteration limit for non-constant Verilog loops                             ; 250                ; 250                ;
; Add Pass-Through Logic to Inferred RAMs                                    ; On                 ; On                 ;
; Infer RAMs from Raw Logic                                                  ; On                 ; On                 ;
; Parallel Synthesis                                                         ; On                 ; On                 ;
; DSP Block Balancing                                                        ; Auto               ; Auto               ;
; NOT Gate Push-Back                                                         ; On                 ; On                 ;
; Power-Up Don't Care                                                        ; On                 ; On                 ;
; Remove Redundant Logic Cells                                               ; Off                ; Off                ;
; Remove Duplicate Registers                                                 ; On                 ; On                 ;
; Ignore CARRY Buffers                                                       ; Off                ; Off                ;
; Ignore CASCADE Buffers                                                     ; Off                ; Off                ;
; Ignore GLOBAL Buffers                                                      ; Off                ; Off                ;
; Ignore ROW GLOBAL Buffers                                                  ; Off                ; Off                ;
; Ignore LCELL Buffers                                                       ; Off                ; Off                ;
; Ignore SOFT Buffers                                                        ; On                 ; On                 ;
; Limit AHDL Integers to 32 Bits                                             ; Off                ; Off                ;
; Optimization Technique                                                     ; Balanced           ; Balanced           ;
; Carry Chain Length                                                         ; 70                 ; 70                 ;
; Auto Carry Chains                                                          ; On                 ; On                 ;
; Auto Open-Drain Pins                                                       ; On                 ; On                 ;
; Perform WYSIWYG Primitive Resynthesis                                      ; Off                ; Off                ;
; Auto ROM Replacement                                                       ; On                 ; On                 ;
; Auto RAM Replacement                                                       ; On                 ; On                 ;
; Auto DSP Block Replacement                                                 ; On                 ; On                 ;
; Auto Shift Register Replacement                                            ; Auto               ; Auto               ;
; Allow Shift Register Merging across Hierarchies                            ; Auto               ; Auto               ;
; Auto Clock Enable Replacement                                              ; On                 ; On                 ;
; Strict RAM Replacement                                                     ; Off                ; Off                ;
; Allow Synchronous Control Signals                                          ; On                 ; On                 ;
; Force Use of Synchronous Clear Signals                                     ; Off                ; Off                ;
; Auto RAM Block Balancing                                                   ; On                 ; On                 ;
; Auto RAM to Logic Cell Conversion                                          ; Off                ; Off                ;
; Auto Resource Sharing                                                      ; Off                ; Off                ;
; Allow Any RAM Size For Recognition                                         ; Off                ; Off                ;
; Allow Any ROM Size For Recognition                                         ; Off                ; Off                ;
; Allow Any Shift Register Size For Recognition                              ; Off                ; Off                ;
; Use LogicLock Constraints during Resource Balancing                        ; On                 ; On                 ;
; Ignore translate_off and synthesis_off directives                          ; Off                ; Off                ;
; Timing-Driven Synthesis                                                    ; On                 ; On                 ;
; Report Parameter Settings                                                  ; On                 ; On                 ;
; Report Source Assignments                                                  ; On                 ; On                 ;
; Report Connectivity Checks                                                 ; On                 ; On                 ;
; Ignore Maximum Fan-Out Assignments                                         ; Off                ; Off                ;
; Synchronization Register Chain Length                                      ; 2                  ; 2                  ;
; PowerPlay Power Optimization                                               ; Normal compilation ; Normal compilation ;
; HDL message level                                                          ; Level2             ; Level2             ;
; Suppress Register Optimization Related Messages                            ; Off                ; Off                ;
; Number of Removed Registers Reported in Synthesis Report                   ; 5000               ; 5000               ;
; Number of Swept Nodes Reported in Synthesis Report                         ; 5000               ; 5000               ;
; Number of Inverted Registers Reported in Synthesis Report                  ; 100                ; 100                ;
; Clock MUX Protection                                                       ; On                 ; On                 ;
; Auto Gated Clock Conversion                                                ; Off                ; Off                ;
; Block Design Naming                                                        ; Auto               ; Auto               ;
; SDC constraint protection                                                  ; Off                ; Off                ;
; Synthesis Effort                                                           ; Auto               ; Auto               ;
; Shift Register Replacement - Allow Asynchronous Clear Signal               ; On                 ; On                 ;
; Pre-Mapping Resynthesis Optimization                                       ; Off                ; Off                ;
; Analysis & Synthesis Message Level                                         ; Medium             ; Medium             ;
; Disable Register Merging Across Hierarchies                                ; Auto               ; Auto               ;
; Resource Aware Inference For Block RAM                                     ; On                 ; On                 ;
; Synthesis Seed                                                             ; 1                  ; 1                  ;
+----------------------------------------------------------------------------+--------------------+--------------------+


+------------------------------------------+
; Parallel Compilation                     ;
+----------------------------+-------------+
; Processors                 ; Number      ;
+----------------------------+-------------+
; Number detected on machine ; 4           ;
; Maximum allowed            ; 2           ;
;                            ;             ;
; Average used               ; 1.00        ;
; Maximum used               ; 2           ;
;                            ;             ;
; Usage by Processor         ; % Time Used ;
;     Processor 1            ; 100.0%      ;
;     Processor 2            ; < 0.1%      ;
;     Processors 3-4         ;   0.0%      ;
+----------------------------+-------------+


+-------------------------------------------------------------------------------------------------------------------------------------------------------------------+
; Analysis & Synthesis Source Files Read                                                                                                                            ;
+----------------------------------+-----------------+------------------------+---------------------------------------------------------------------------+---------+
; File Name with User-Entered Path ; Used in Netlist ; File Type              ; File Name with Absolute Path                                              ; Library ;
+----------------------------------+-----------------+------------------------+---------------------------------------------------------------------------+---------+
; final_project.v                  ; yes             ; User Verilog HDL File  ; C:/Users/USER/Desktop/final project/project/final_project/final_project.v ;         ;
+----------------------------------+-----------------+------------------------+---------------------------------------------------------------------------+---------+


+-----------------------------------------------------------------+
; Analysis & Synthesis Resource Usage Summary                     ;
+---------------------------------------------+-------------------+
; Resource                                    ; Usage             ;
+---------------------------------------------+-------------------+
; Estimated Total logic elements              ; 2,603             ;
;                                             ;                   ;
; Total combinational functions               ; 2599              ;
; Logic element usage by number of LUT inputs ;                   ;
;     -- 4 input functions                    ; 1866              ;
;     -- 3 input functions                    ; 531               ;
;     -- <=2 input functions                  ; 202               ;
;                                             ;                   ;
; Logic elements by mode                      ;                   ;
;     -- normal mode                          ; 2435              ;
;     -- arithmetic mode                      ; 164               ;
;                                             ;                   ;
; Total registers                             ; 263               ;
;     -- Dedicated logic registers            ; 263               ;
;     -- I/O registers                        ; 0                 ;
;                                             ;                   ;
; I/O pins                                    ; 54                ;
; Embedded Multiplier 9-bit elements          ; 0                 ;
; Maximum fan-out node                        ; divfre:F1|CLK_div ;
; Maximum fan-out                             ; 173               ;
; Total fan-out                               ; 10422             ;
; Average fan-out                             ; 3.51              ;
+---------------------------------------------+-------------------+


+-----------------------------------------------------------------------------------------------------------------------------------------------------------------------------------+
; Analysis & Synthesis Resource Utilization by Entity                                                                                                                               ;
+----------------------------+-------------------+--------------+-------------+--------------+---------+-----------+------+--------------+---------------------------+--------------+
; Compilation Hierarchy Node ; LC Combinationals ; LC Registers ; Memory Bits ; DSP Elements ; DSP 9x9 ; DSP 18x18 ; Pins ; Virtual Pins ; Full Hierarchy Name       ; Library Name ;
+----------------------------+-------------------+--------------+-------------+--------------+---------+-----------+------+--------------+---------------------------+--------------+
; |final_project             ; 2599 (2530)       ; 263 (211)    ; 0           ; 0            ; 0       ; 0         ; 54   ; 0            ; |final_project            ; work         ;
;    |divfre:F1|             ; 35 (35)           ; 26 (26)      ; 0           ; 0            ; 0       ; 0         ; 0    ; 0            ; |final_project|divfre:F1  ; work         ;
;    |divfreq:F0|            ; 34 (34)           ; 26 (26)      ; 0           ; 0            ; 0       ; 0         ; 0    ; 0            ; |final_project|divfreq:F0 ; work         ;
+----------------------------+-------------------+--------------+-------------+--------------+---------+-----------+------+--------------+---------------------------+--------------+
Note: For table entries with two numbers listed, the numbers in parentheses indicate the number of resources of the given type used by the specific entity alone. The numbers listed outside of parentheses indicate the total resources of the given type used by the specific entity and all of its sub-entities in the hierarchy.


+---------------------------------------------------------------------------------+
; Registers Removed During Synthesis                                              ;
+----------------------------------------+----------------------------------------+
; Register name                          ; Reason for Removal                     ;
+----------------------------------------+----------------------------------------+
; A[0]~reg0                              ; Stuck at VCC due to stuck port data_in ;
; com[2]~reg0                            ; Stuck at VCC due to stuck port data_in ;
; com[3]~reg0                            ; Stuck at VCC due to stuck port data_in ;
; light[0]~reg0                          ; Stuck at GND due to stuck port data_in ;
; com[1]~reg0                            ; Merged with com[0]~reg0                ;
; maze[0][1]                             ; Merged with maze[0][0]                 ;
; maze[0][2]                             ; Merged with maze[0][0]                 ;
; maze[0][3]                             ; Merged with maze[0][0]                 ;
; maze[0][4]                             ; Merged with maze[0][0]                 ;
; maze[0][5]                             ; Merged with maze[0][0]                 ;
; maze[0][6]                             ; Merged with maze[0][0]                 ;
; maze[0][7]                             ; Merged with maze[0][0]                 ;
; maze[1][0]                             ; Merged with maze[0][0]                 ;
; maze[1][6]                             ; Merged with maze[0][0]                 ;
; maze[1][7]                             ; Merged with maze[0][0]                 ;
; maze[2][0]                             ; Merged with maze[0][0]                 ;
; maze[2][7]                             ; Merged with maze[0][0]                 ;
; maze[3][0]                             ; Merged with maze[0][0]                 ;
; maze[3][7]                             ; Merged with maze[0][0]                 ;
; maze[4][0]                             ; Merged with maze[0][0]                 ;
; maze[4][7]                             ; Merged with maze[0][0]                 ;
; maze[5][0]                             ; Merged with maze[0][0]                 ;
; maze[5][7]                             ; Merged with maze[0][0]                 ;
; maze[6][0]                             ; Merged with maze[0][0]                 ;
; maze[6][6]                             ; Merged with maze[0][0]                 ;
; maze[6][7]                             ; Merged with maze[0][0]                 ;
; maze[7][0]                             ; Merged with maze[0][0]                 ;
; maze[7][1]                             ; Merged with maze[0][0]                 ;
; maze[7][2]                             ; Merged with maze[0][0]                 ;
; maze[7][3]                             ; Merged with maze[0][0]                 ;
; maze[7][4]                             ; Merged with maze[0][0]                 ;
; maze[7][5]                             ; Merged with maze[0][0]                 ;
; maze[7][6]                             ; Merged with maze[0][0]                 ;
; maze[7][7]                             ; Merged with maze[0][0]                 ;
; maze[1][3]                             ; Merged with maze[1][2]                 ;
; maze[1][4]                             ; Merged with maze[1][2]                 ;
; maze[1][5]                             ; Merged with maze[1][2]                 ;
; maze[2][1]                             ; Merged with maze[1][2]                 ;
; maze[3][1]                             ; Merged with maze[1][2]                 ;
; maze[3][2]                             ; Merged with maze[1][2]                 ;
; maze[3][4]                             ; Merged with maze[1][2]                 ;
; maze[4][1]                             ; Merged with maze[1][2]                 ;
; maze[5][1]                             ; Merged with maze[1][2]                 ;
; maze[6][2]                             ; Merged with maze[1][2]                 ;
; maze[6][3]                             ; Merged with maze[1][2]                 ;
; maze[6][1]                             ; Merged with maze[5][5]                 ;
; maze[6][4]                             ; Merged with maze[5][5]                 ;
; maze[6][5]                             ; Merged with maze[5][5]                 ;
; maze[3][5]                             ; Merged with maze[2][2]                 ;
; maze[3][6]                             ; Merged with maze[2][2]                 ;
; maze[4][2]                             ; Merged with maze[2][2]                 ;
; maze[4][3]                             ; Merged with maze[2][2]                 ;
; maze[4][4]                             ; Merged with maze[2][2]                 ;
; maze[4][6]                             ; Merged with maze[2][2]                 ;
; maze[5][2]                             ; Merged with maze[2][2]                 ;
; maze[5][3]                             ; Merged with maze[2][2]                 ;
; maze[5][4]                             ; Merged with maze[2][2]                 ;
; maze[5][6]                             ; Merged with maze[2][2]                 ;
; maze[2][4]                             ; Merged with maze[2][3]                 ;
; maze[2][5]                             ; Merged with maze[2][3]                 ;
; maze[2][6]                             ; Merged with maze[2][3]                 ;
; maze[3][3]                             ; Merged with maze[2][3]                 ;
; maze[4][5]                             ; Merged with maze[2][3]                 ;
; maze[0][0]                             ; Stuck at GND due to stuck port data_in ;
; maze[2][2]                             ; Stuck at VCC due to stuck port data_in ;
; Total Number of Removed Registers = 65 ;                                        ;
+----------------------------------------+----------------------------------------+


+------------------------------------------------------+
; General Register Statistics                          ;
+----------------------------------------------+-------+
; Statistic                                    ; Value ;
+----------------------------------------------+-------+
; Total registers                              ; 263   ;
; Number of registers using Synchronous Clear  ; 60    ;
; Number of registers using Synchronous Load   ; 141   ;
; Number of registers using Asynchronous Clear ; 0     ;
; Number of registers using Asynchronous Load  ; 0     ;
; Number of registers using Clock Enable       ; 22    ;
; Number of registers using Preset             ; 0     ;
+----------------------------------------------+-------+


+--------------------------------------------------+
; Inverted Register Statistics                     ;
+----------------------------------------+---------+
; Inverted Register                      ; Fan out ;
+----------------------------------------+---------+
; xindex[2]                              ; 15      ;
; xindex[0]                              ; 16      ;
; yindex[1]                              ; 3       ;
; yindex[2]                              ; 3       ;
; Total number of inverted registers = 4 ;         ;
+----------------------------------------+---------+


+------------------------------------------------------------------------------------------------------------------------------------------+
; Multiplexer Restructuring Statistics (Restructuring Performed)                                                                           ;
+--------------------+-----------+---------------+----------------------+------------------------+------------+----------------------------+
; Multiplexer Inputs ; Bus Width ; Baseline Area ; Area if Restructured ; Saving if Restructured ; Registered ; Example Multiplexer Output ;
+--------------------+-----------+---------------+----------------------+------------------------+------------+----------------------------+
; 3:1                ; 4 bits    ; 8 LEs         ; 4 LEs                ; 4 LEs                  ; Yes        ; |final_project|step2[1]    ;
; 4:1                ; 4 bits    ; 8 LEs         ; 8 LEs                ; 0 LEs                  ; Yes        ; |final_project|maze[2][3]  ;
; 6:1                ; 2 bits    ; 8 LEs         ; 6 LEs                ; 2 LEs                  ; Yes        ; |final_project|R[2]~reg0   ;
; 6:1                ; 8 bits    ; 32 LEs        ; 8 LEs                ; 24 LEs                 ; Yes        ; |final_project|count[3]    ;
; 18:1               ; 7 bits    ; 84 LEs        ; 49 LEs               ; 35 LEs                 ; Yes        ; |final_project|G[3]~reg0   ;
; 18:1               ; 6 bits    ; 72 LEs        ; 42 LEs               ; 30 LEs                 ; Yes        ; |final_project|B[4]~reg0   ;
; 8:1                ; 6 bits    ; 30 LEs        ; 6 LEs                ; 24 LEs                 ; Yes        ; |final_project|xindex[1]   ;
; 26:1               ; 7 bits    ; 119 LEs       ; 91 LEs               ; 28 LEs                 ; Yes        ; |final_project|S[6]~reg0   ;
; 15:1               ; 4 bits    ; 40 LEs        ; 4 LEs                ; 36 LEs                 ; Yes        ; |final_project|step1[2]    ;
; 8:1                ; 2 bits    ; 10 LEs        ; 2 LEs                ; 8 LEs                  ; Yes        ; |final_project|xindex[2]   ;
; 3:1                ; 2 bits    ; 4 LEs         ; 4 LEs                ; 0 LEs                  ; No         ; |final_project|Mux140      ;
; 8:1                ; 16 bits   ; 80 LEs        ; 80 LEs               ; 0 LEs                  ; No         ; |final_project|Mux147      ;
; 4:1                ; 2 bits    ; 4 LEs         ; 4 LEs                ; 0 LEs                  ; No         ; |final_project|Mux142      ;
; 16:1               ; 8 bits    ; 80 LEs        ; 48 LEs               ; 32 LEs                 ; No         ; |final_project|Mux84       ;
; 16:1               ; 2 bits    ; 20 LEs        ; 12 LEs               ; 8 LEs                  ; No         ; |final_project|Mux155      ;
; 16:1               ; 8 bits    ; 80 LEs        ; 48 LEs               ; 32 LEs                 ; No         ; |final_project|Mux177      ;
; 16:1               ; 2 bits    ; 20 LEs        ; 12 LEs               ; 8 LEs                  ; No         ; |final_project|Mux169      ;
; 6:1                ; 8 bits    ; 32 LEs        ; 8 LEs                ; 24 LEs                 ; No         ; |final_project|count       ;
; 6:1                ; 8 bits    ; 32 LEs        ; 8 LEs                ; 24 LEs                 ; No         ; |final_project|count       ;
; 6:1                ; 8 bits    ; 32 LEs        ; 8 LEs                ; 24 LEs                 ; No         ; |final_project|count       ;
; 8:1                ; 8 bits    ; 40 LEs        ; 8 LEs                ; 32 LEs                 ; No         ; |final_project|yindex      ;
; 8:1                ; 8 bits    ; 40 LEs        ; 8 LEs                ; 32 LEs                 ; No         ; |final_project|yindex      ;
; 8:1                ; 8 bits    ; 40 LEs        ; 8 LEs                ; 32 LEs                 ; No         ; |final_project|xindex      ;
; 72:1               ; 2 bits    ; 96 LEs        ; 86 LEs               ; 10 LEs                 ; No         ; |final_project|Mux73       ;
; 72:1               ; 2 bits    ; 96 LEs        ; 86 LEs               ; 10 LEs                 ; No         ; |final_project|Mux126      ;
+--------------------+-----------+---------------+----------------------+------------------------+------------+----------------------------+


+-----------------------------------------------------------------------------------------------------------+
; Parameter Settings for User Entity Instance: Top-level Entity: |final_project                             ;
+----------------+---------------------------------------------------------------------------+--------------+
; Parameter Name ; Value                                                                     ; Type         ;
+----------------+---------------------------------------------------------------------------+--------------+
; maze1          ; (00000000,00111100,01111110,01111110,01111110,01111110,00111110,00000000) ; Array/Record ;
; maze2          ; (00000000,00000000,01111100,01101000,01111100,01011100,00000000,00000000) ; Array/Record ;
; maze3          ; (00000000,00111110,00000110,01110110,01011110,01011110,00001100,00000000) ; Array/Record ;
; box1           ; (11111111,11111111,11101111,11111111,11010111,11111111,11111111,11111111) ; Array/Record ;
; box2           ; (11111111,11111111,11101111,11011111,11111111,11110111,11111111,11111111) ; Array/Record ;
; box3           ; (11111111,11111111,11111011,11111111,11101111,11111011,11111111,11111111) ; Array/Record ;
; player1        ; (11111111,10111101,11111111,11111111,11111111,10111111,10111111,11111111) ; Array/Record ;
; player2        ; (11111111,11110111,11111111,11111111,11111101,10111111,11101111,11111111) ; Array/Record ;
; player3        ; (11111111,10111111,11111111,11111111,11111111,10111111,11101101,11111111) ; Array/Record ;
; start          ; (11100111,11000011,10001101,00010110,00001110,10010101,11000011,11100111) ; Array/Record ;
; over           ; (11011111,10111111,01111111,10111111,11011111,11101111,11110111,11111011) ; Array/Record ;
+----------------+---------------------------------------------------------------------------+--------------+
Note: In order to hide this table in the UI and the text report file, please set the "Show Parameter Settings in Synthesis Report" option in "Analysis and Synthesis Settings -> More Settings" to "Off".


+-------------------------------+
; Elapsed Time Per Partition    ;
+----------------+--------------+
; Partition Name ; Elapsed Time ;
+----------------+--------------+
; Top            ; 00:00:19     ;
+----------------+--------------+


+-------------------------------+
; Analysis & Synthesis Messages ;
+-------------------------------+
Info: *******************************************************************
Info: Running Quartus II 64-Bit Analysis & Synthesis
    Info: Version 13.1.0 Build 162 10/23/2013 SJ Web Edition
    Info: Processing started: Mon Jan 14 23:54:33 2019
Info: Command: quartus_map --read_settings_files=on --write_settings_files=off final_project -c final_project
Info (11104): Parallel Compilation has detected 4 hyper-threaded processors. However, the extra hyper-threaded processors will not be used by default. Parallel Compilation will use 2 of the 2 physical processors detected instead.
Info (12021): Found 3 design units, including 3 entities, in source file final_project.v
    Info (12023): Found entity 1: final_project
    Info (12023): Found entity 2: divfreq
    Info (12023): Found entity 3: divfre
Warning (10236): Verilog HDL Implicit Net warning at final_project.v(103): created implicit net for "CLK_div1000"
Warning (10236): Verilog HDL Implicit Net warning at final_project.v(104): created implicit net for "CLK_div1"
Info (12127): Elaborating entity "final_project" for the top level hierarchy
Warning (10230): Verilog HDL assignment warning at final_project.v(128): truncated value with size 32 to match size of target (8)
Warning (10230): Verilog HDL assignment warning at final_project.v(129): truncated value with size 9 to match size of target (4)
Info (12128): Elaborating entity "divfreq" for hierarchy "divfreq:F0"
Info (12128): Elaborating entity "divfre" for hierarchy "divfre:F1"
Warning (13024): Output pins are stuck at VCC or GND
    Warning (13410): Pin "A[0]" is stuck at VCC
    Warning (13410): Pin "light[0]" is stuck at GND
    Warning (13410): Pin "com[2]" is stuck at VCC
    Warning (13410): Pin "com[3]" is stuck at VCC
Info (286030): Timing-Driven Synthesis is running
Info (144001): Generated suppressed messages file C:/Users/USER/Desktop/final project/project/final_project/output_files/final_project.map.smsg
Info (16010): Generating hard_block partition "hard_block:auto_generated_inst"
    Info (16011): Adding 0 node(s), including 0 DDIO, 0 PLL, 0 transceiver and 0 LCELL
Info (21057): Implemented 2667 device resources after synthesis - the final resource count might be different
    Info (21058): Implemented 10 input pins
    Info (21059): Implemented 44 output pins
    Info (21061): Implemented 2613 logic cells
Info: Quartus II 64-Bit Analysis & Synthesis was successful. 0 errors, 9 warnings
    Info: Peak virtual memory: 4669 megabytes
    Info: Processing ended: Mon Jan 14 23:54:55 2019
    Info: Elapsed time: 00:00:22
    Info: Total CPU time (on all processors): 00:00:21


+------------------------------------------+
; Analysis & Synthesis Suppressed Messages ;
+------------------------------------------+
The suppressed messages can be found in C:/Users/USER/Desktop/final project/project/final_project/output_files/final_project.map.smsg.


